Downloading ISED callsign list

Moved ./csv/tmp.csv to ./csv/clubs_local.csv.
Writing to ../ised-accred-clubsiners.adoc

Copying still valid club callsign information from previous ISED data download from ./csv/clubs_local.csv...

***VE3URF CLUB CALLSIGN ADDED TO THE DATABASE.***


***VA3AAR CLUB CALLSIGN ADDED TO THE DATABASE.***


***VA3HSP CLUB CALLSIGN ADDED TO THE DATABASE.***


***VE3FYO CLUB CALLSIGN ADDED TO THE DATABASE.***


***VA3RIU CLUB CALLSIGN ADDED TO THE DATABASE.***


***VE3SHQ CLUB CALLSIGN ADDED TO THE DATABASE.***


***VA3SDG CLUB CALLSIGN ADDED TO THE DATABASE.***


***VA3CZZ CLUB CALLSIGN ADDED TO THE DATABASE.***


***VE3TEL CLUB CALLSIGN ADDED TO THE DATABASE.***


***VE3BZU CLUB CALLSIGN ADDED TO THE DATABASE.***


***VE3RST CLUB CALLSIGN ADDED TO THE DATABASE.***


***VE3PGC CLUB CALLSIGN ADDED TO THE DATABASE.***


***VA3OFS CLUB CALLSIGN ADDED TO THE DATABASE.***


***VA3OUT CLUB CALLSIGN ADDED TO THE DATABASE.***


***VE3WRA CLUB CALLSIGN ADDED TO THE DATABASE.***


***VE3PRR CLUB CALLSIGN ADDED TO THE DATABASE.***


***VE2CRA CLUB CALLSIGN ADDED TO THE DATABASE.***


***VE3SVR CLUB CALLSIGN ADDED TO THE DATABASE.***


***VE2RWC CLUB CALLSIGN ADDED TO THE DATABASE.***


***VE3TRA CLUB CALLSIGN ADDED TO THE DATABASE.***


***VE3EPC CLUB CALLSIGN ADDED TO THE DATABASE.***


***VA3ODG CLUB CALLSIGN ADDED TO THE DATABASE.***


***VE3SAU CLUB CALLSIGN ADDED TO THE DATABASE.***


***VE3WPO CLUB CALLSIGN ADDED TO THE DATABASE.***


***VE2RBH CLUB CALLSIGN ADDED TO THE DATABASE.***


***VE3VSW CLUB CALLSIGN ADDED TO THE DATABASE.***


***VE3RIX CLUB CALLSIGN ADDED TO THE DATABASE.***


***VE3CER CLUB CALLSIGN ADDED TO THE DATABASE.***


***VA2UHF CLUB CALLSIGN ADDED TO THE DATABASE.***


***VE3IGC CLUB CALLSIGN ADDED TO THE DATABASE.***


***VE3HQP CLUB CALLSIGN ADDED TO THE DATABASE.***


***VE3TEN CLUB CALLSIGN ADDED TO THE DATABASE.***


***VE3RAC CLUB CALLSIGN ADDED TO THE DATABASE.***


***VE2OJ CLUB CALLSIGN ADDED TO THE DATABASE.***


***VA3TUV CLUB CALLSIGN ADDED TO THE DATABASE.***


***VE3GSC CLUB CALLSIGN ADDED TO THE DATABASE.***


***VE2AQP CLUB CALLSIGN ADDED TO THE DATABASE.***


***VE3IRO CLUB CALLSIGN ADDED TO THE DATABASE.***


***VA3SND CLUB CALLSIGN ADDED TO THE DATABASE.***


***VE3AIR CLUB CALLSIGN ADDED TO THE DATABASE.***


***VE2KPG CLUB CALLSIGN ADDED TO THE DATABASE.***


***VE3ABC CLUB CALLSIGN ADDED TO THE DATABASE.***


***VA2RAC CLUB CALLSIGN ADDED TO THE DATABASE.***


***VE3LCA CLUB CALLSIGN ADDED TO THE DATABASE.***


***VA3ESD CLUB CALLSIGN ADDED TO THE DATABASE.***


***VE3SML CLUB CALLSIGN ADDED TO THE DATABASE.***


***VE2SY CLUB CALLSIGN ADDED TO THE DATABASE.***


***VA3PRA CLUB CALLSIGN ADDED TO THE DATABASE.***


***VA3OVQ CLUB CALLSIGN ADDED TO THE DATABASE.***


***VE3RLR CLUB CALLSIGN ADDED TO THE DATABASE.***


***VA3NOC CLUB CALLSIGN ADDED TO THE DATABASE.***


***VA3EPC CLUB CALLSIGN ADDED TO THE DATABASE.***


***VE3YRR CLUB CALLSIGN ADDED TO THE DATABASE.***


***VE3EYV CLUB CALLSIGN ADDED TO THE DATABASE.***


***VA3COC CLUB CALLSIGN ADDED TO THE DATABASE.***


***VE3HCB CLUB CALLSIGN ADDED TO THE DATABASE.***


***VA3RHQ CLUB CALLSIGN ADDED TO THE DATABASE.***


***VE3RSR CLUB CALLSIGN ADDED TO THE DATABASE.***


***VE3RC CLUB CALLSIGN ADDED TO THE DATABASE.***


***VA3BLN CLUB CALLSIGN ADDED TO THE DATABASE.***


***VE2SH CLUB CALLSIGN ADDED TO THE DATABASE.***


***VA3CZJ CLUB CALLSIGN ADDED TO THE DATABASE.***


***VA3EDG CLUB CALLSIGN ADDED TO THE DATABASE.***


***VA3UHR CLUB CALLSIGN ADDED TO THE DATABASE.***


***VE3KJG CLUB CALLSIGN ADDED TO THE DATABASE.***


***VE3REX CLUB CALLSIGN ADDED TO THE DATABASE.***


***VE3CWM CLUB CALLSIGN ADDED TO THE DATABASE.***


***VA2PCC CLUB CALLSIGN ADDED TO THE DATABASE.***


***VA3SJS CLUB CALLSIGN ADDED TO THE DATABASE.***


***VE3RNU CLUB CALLSIGN ADDED TO THE DATABASE.***


***VE3OCR CLUB CALLSIGN ADDED TO THE DATABASE.***


***VE3PRD CLUB CALLSIGN ADDED TO THE DATABASE.***


***VE3JW CLUB CALLSIGN ADDED TO THE DATABASE.***


***VA3CRC CLUB CALLSIGN ADDED TO THE DATABASE.***


***VA3RCU CLUB CALLSIGN ADDED TO THE DATABASE.***


***VA3RLR CLUB CALLSIGN ADDED TO THE DATABASE.***


***VE3PFR CLUB CALLSIGN ADDED TO THE DATABASE.***


***VA3DOT CLUB CALLSIGN ADDED TO THE DATABASE.***


***VE3EMU CLUB CALLSIGN ADDED TO THE DATABASE.***


***VA3CCN CLUB CALLSIGN ADDED TO THE DATABASE.***


***VE3NCR CLUB CALLSIGN ADDED TO THE DATABASE.***


***VA3SAU CLUB CALLSIGN ADDED TO THE DATABASE.***


***VE3XYZ CLUB CALLSIGN ADDED TO THE DATABASE.***


***VE3XWR CLUB CALLSIGN ADDED TO THE DATABASE.***


***VA3ARE CLUB CALLSIGN ADDED TO THE DATABASE.***


***VE3RAM CLUB CALLSIGN ADDED TO THE DATABASE.***


***VE3WCC CLUB CALLSIGN ADDED TO THE DATABASE.***


***VA3URS CLUB CALLSIGN ADDED TO THE DATABASE.***


***VA3TEL CLUB CALLSIGN ADDED TO THE DATABASE.***


***VA3CUA CLUB CALLSIGN ADDED TO THE DATABASE.***


***VE2RAO CLUB CALLSIGN ADDED TO THE DATABASE.***


***VE3MPC CLUB CALLSIGN ADDED TO THE DATABASE.***


***VA3OCE CLUB CALLSIGN ADDED TO THE DATABASE.***


***VE3YYX CLUB CALLSIGN ADDED TO THE DATABASE.***


***VA3ORH CLUB CALLSIGN ADDED TO THE DATABASE.***


***VA3CEA CLUB CALLSIGN ADDED TO THE DATABASE.***


***VA3RAC CLUB CALLSIGN ADDED TO THE DATABASE.***


***VA3CGH CLUB CALLSIGN ADDED TO THE DATABASE.***


***VE2RBL CLUB CALLSIGN ADDED TO THE DATABASE.***


***VE3UEE CLUB CALLSIGN ADDED TO THE DATABASE.***


***VA3CGD CLUB CALLSIGN ADDED TO THE DATABASE.***


***VE3CDH CLUB CALLSIGN ADDED TO THE DATABASE.***


***VA3LCC CLUB CALLSIGN ADDED TO THE DATABASE.***


***VE3PRV CLUB CALLSIGN ADDED TO THE DATABASE.***


***VE3SVC CLUB CALLSIGN ADDED TO THE DATABASE.***


***VE2CRO CLUB CALLSIGN ADDED TO THE DATABASE.***


***VE3AII CLUB CALLSIGN ADDED TO THE DATABASE.***


***VE3RHQ CLUB CALLSIGN ADDED TO THE DATABASE.***


***VE3CTD CLUB CALLSIGN ADDED TO THE DATABASE.***


***VA3MPC CLUB CALLSIGN ADDED TO THE DATABASE.***


***VE3SWL CLUB CALLSIGN ADDED TO THE DATABASE.***


***VE3NGR CLUB CALLSIGN ADDED TO THE DATABASE.***


***VE2UQH CLUB CALLSIGN ADDED TO THE DATABASE.***


***VE3DVQ CLUB CALLSIGN ADDED TO THE DATABASE.***


***VA3FHA CLUB CALLSIGN ADDED TO THE DATABASE.***


***VE3SFR CLUB CALLSIGN ADDED TO THE DATABASE.***


***VA3EMV CLUB CALLSIGN ADDED TO THE DATABASE.***


***VA3XAC CLUB CALLSIGN ADDED TO THE DATABASE.***


***VA3NDC CLUB CALLSIGN ADDED TO THE DATABASE.***


***VE3OJE CLUB CALLSIGN ADDED TO THE DATABASE.***


***VE3OCE CLUB CALLSIGN ADDED TO THE DATABASE.***


***VE3CKJ CLUB CALLSIGN ADDED TO THE DATABASE.***


***VE3OEM CLUB CALLSIGN ADDED TO THE DATABASE.***


***VE3TWO CLUB CALLSIGN ADDED TO THE DATABASE.***

Done copying over still valid club callsign information
Adding new clubsiners to asciidoc file from latest ISED download...

124 CLUB CALLSIGNS WERE ADDED TO THE ../CLUB_CALLSIGNS.ADOC
Cleaning up downloaded files.
Removed amateur_delim.zip.
Removed ./csv/tmp.csv.
Moved ./csv/clubs_new.csv to ./csv/clubs_current.csv.
